AutoDock Vina 58016d8-mod
#################################################################
# If you used AutoDock Vina in your work, please cite:          #
#                                                               #
# J. Eberhardt, D. Santos-Martins, A. F. Tillack, and S. Forli  #
# AutoDock Vina 1.2.0: New Docking Methods, Expanded Force      #
# Field, and Python Bindings, J. Chem. Inf. Model. (2021)       #
# DOI 10.1021/acs.jcim.1c00203                                  #
#                                                               #
# O. Trott, A. J. Olson,                                        #
# AutoDock Vina: improving the speed and accuracy of docking    #
# with a new scoring function, efficient optimization and       #
# multithreading, J. Comp. Chem. (2010)                         #
# DOI 10.1002/jcc.21334                                         #
#                                                               #
# Please see https://github.com/ccsb-scripps/AutoDock-Vina for  #
# more information.                                             #
#################################################################

Scoring function : vina
Rigid receptor: /home/alex/Masters/Computer_and_Software_Architecture/Snakemake_Project2/sandbox_ccffd8ba-c08f-4861-9b4b-d13e1a2238cc/{config[pdb_code]}_protein.pdbqt
Ligand: /home/alex/Masters/Computer_and_Software_Architecture/Snakemake_Project2/sandbox_ccffd8ba-c08f-4861-9b4b-d13e1a2238cc/{config[ligand_code]}.pdbqt
Grid center: X 6.689 Y 6.192 Z 22.229
Grid size  : X 35.303 Y 25.865 Z 24.482
Grid space : 0.375
Exhaustiveness: 8
CPU: 1
Verbosity: 1

Computing Vina grid ... done.
Performing docking (random seed: -1044767929) ... 
0%   10   20   30   40   50   60   70   80   90   100%
|----|----|----|----|----|----|----|----|----|----|
******************************