Building DAG of jobs...
Using shell: /usr/bin/bash
Provided cores: 1 (use --cores to define parallelism)
Rules claiming more threads will be scaled down.
Job stats:
job                     count
--------------------  -------
all                         1
convert_to_pdb              1
extract_docking_pose        1
total                       3

Select jobs to execute...

[Tue Nov 26 13:51:54 2024]
rule extract_docking_pose:
    input: results/output_vina.pdbqt
    output: results/output_structure.pdbqt
    jobid: 2
    reason: Missing output files: results/output_structure.pdbqt
    resources: tmpdir=/tmp

[Tue Nov 26 13:51:55 2024]
Finished job 2.
1 of 3 steps (33%) done
Select jobs to execute...

[Tue Nov 26 13:51:55 2024]
rule convert_to_pdb:
    input: results/output_structure.pdbqt
    output: results/output_structure.pdb
    jobid: 1
    reason: Missing output files: results/output_structure.pdb; Input files updated by another job: results/output_structure.pdbqt
    resources: tmpdir=/tmp

[Tue Nov 26 13:51:55 2024]
Finished job 1.
2 of 3 steps (67%) done
Select jobs to execute...

[Tue Nov 26 13:51:55 2024]
localrule all:
    input: results/output_structure.pdb
    jobid: 0
    reason: Input files updated by another job: results/output_structure.pdb
    resources: tmpdir=/tmp

[Tue Nov 26 13:51:55 2024]
Finished job 0.
3 of 3 steps (100%) done
Complete log: .snakemake/log/2024-11-26T135153.811560.snakemake.log
