Building DAG of jobs...
Using shell: /usr/bin/bash
Provided cores: 1 (use --cores to define parallelism)
Rules claiming more threads will be scaled down.
Job stats:
job                     count
--------------------  -------
all                         1
extract_docking_pose        1
run_docking                 1
total                       3

Select jobs to execute...

[Tue Nov 26 13:34:38 2024]
rule run_docking:
    input: data/{config[ligand_code]}.pdbqt, data/{config[pdb_code]}_protein.pdbqt, data/box.pdb
    output: results/output_vina.pdbqt, results/output_vina.log
    jobid: 2
    reason: Missing output files: results/output_vina.pdbqt
    resources: tmpdir=/tmp

[Tue Nov 26 13:34:39 2024]
Error in rule run_docking:
    jobid: 2
    input: data/{config[ligand_code]}.pdbqt, data/{config[pdb_code]}_protein.pdbqt, data/box.pdb
    output: results/output_vina.pdbqt, results/output_vina.log

RuleException:
CalledProcessError in file /home/alex/Masters/Computer_and_Software_Architecture/Snakemake_Project2/Snakefile, line 80:
Command 'set -euo pipefail;  /home/alex/miniforge3/envs/biobb_env/bin/python3.10 /home/alex/Masters/Computer_and_Software_Architecture/Snakemake_Project2/.snakemake/scripts/tmpzd809lx3.run_docking.py' returned non-zero exit status 1.
  File "/home/alex/Masters/Computer_and_Software_Architecture/Snakemake_Project2/Snakefile", line 80, in __rule_run_docking
  File "/home/alex/miniforge3/envs/biobb_env/lib/python3.10/concurrent/futures/thread.py", line 58, in run
Shutting down, this might take some time.
Exiting because a job execution failed. Look above for error message
Complete log: .snakemake/log/2024-11-26T133438.313534.snakemake.log
