host: alex-IdeaPad-Flex-5-14ALC05
Building DAG of jobs...
Using shell: /usr/bin/bash
Provided cores: 16
Rules claiming more threads will be scaled down.
Job stats:
job               count
--------------  -------
all                   1
run_all_script        1
total                 2

Select jobs to execute...
Execute 1 jobs...

[Wed Nov 13 11:05:03 2024]
localrule run_all_script:
    input: all.py
    output: structure_image.png
    jobid: 1
    reason: Missing output files: structure_image.png
    resources: tmpdir=/tmp

[Wed Nov 13 11:05:04 2024]
Error in rule run_all_script:
    jobid: 1
    input: all.py
    output: structure_image.png
    shell:
        python all.py
        (one of the commands exited with non-zero exit code; note that snakemake uses bash strict mode!)

Shutting down, this might take some time.
Exiting because a job execution failed. Look above for error message
Complete log: .snakemake/log/2024-11-13T110503.742419.snakemake.log
WorkflowError:
At least one job did not complete successfully.
