host: alex-IdeaPad-Flex-5-14ALC05
Building DAG of jobs...
Using shell: /usr/bin/bash
Provided cores: 16
Rules claiming more threads will be scaled down.
Job stats:
job               count
--------------  -------
all                   1
run_all_script        1
total                 2

Select jobs to execute...
Execute 1 jobs...

[Wed Nov 13 11:10:56 2024]
localrule run_all_script:
    input: all.py
    output: download.pdb
    jobid: 1
    reason: Updated input files: all.py
    resources: tmpdir=/tmp

[Wed Nov 13 11:10:57 2024]
Finished job 1.
1 of 2 steps (50%) done
Select jobs to execute...
Execute 1 jobs...

[Wed Nov 13 11:10:57 2024]
localrule all:
    input: download.pdb
    jobid: 0
    reason: Input files updated by another job: download.pdb
    resources: tmpdir=/tmp

[Wed Nov 13 11:10:57 2024]
Finished job 0.
2 of 2 steps (100%) done
Complete log: .snakemake/log/2024-11-13T111056.918518.snakemake.log
