host: alex-IdeaPad-Flex-5-14ALC05
Building DAG of jobs...
Using shell: /usr/bin/bash
Provided cores: 16
Rules claiming more threads will be scaled down.
Job stats:
job                count
---------------  -------
all                    1
process_results        1
total                  2

Select jobs to execute...
Execute 1 jobs...

[Tue Nov 26 12:24:33 2024]
localrule process_results:
    input: downloaded_data.txt
    output: processed_results.csv
    jobid: 1
    reason: Missing output files: processed_results.csv
    resources: tmpdir=/tmp

[Tue Nov 26 12:24:34 2024]
Finished job 1.
1 of 2 steps (50%) done
Select jobs to execute...
Execute 1 jobs...

[Tue Nov 26 12:24:34 2024]
localrule all:
    input: processed_results.csv
    jobid: 0
    reason: Input files updated by another job: processed_results.csv
    resources: tmpdir=/tmp

[Tue Nov 26 12:24:34 2024]
Finished job 0.
2 of 2 steps (100%) done
Complete log: .snakemake/log/2024-11-26T122433.192956.snakemake.log
