host: alex-IdeaPad-Flex-5-14ALC05
Building DAG of jobs...
Using shell: /usr/bin/bash
Provided cores: 16
Rules claiming more threads will be scaled down.
Job stats:
job                 count
----------------  -------
all                     1
download_results        1
process_results         1
total                   3

Select jobs to execute...
Execute 1 jobs...

[Tue Nov 26 12:17:50 2024]
localrule download_results:
    input: api_results.json
    output: downloaded_data.txt
    jobid: 2
    reason: Missing output files: downloaded_data.txt
    resources: tmpdir=/tmp

[Tue Nov 26 12:17:51 2024]
Finished job 2.
1 of 3 steps (33%) done
Select jobs to execute...
Execute 1 jobs...

[Tue Nov 26 12:17:51 2024]
localrule process_results:
    input: downloaded_data.txt
    output: processed_results.csv
    jobid: 1
    reason: Missing output files: processed_results.csv; Input files updated by another job: downloaded_data.txt
    resources: tmpdir=/tmp

RuleException:
WorkflowError in file /home/alex/Masters/Computer_and_Software_Architecture/Snakemake_Project/Snakefile, line 35:
Failed to open source file /home/alex/Masters/Computer_and_Software_Architecture/Snakemake_Project/scripts/process_results.py
FileNotFoundError: [Errno 2] No such file or directory: '/home/alex/Masters/Computer_and_Software_Architecture/Snakemake_Project/scripts/process_results.py'
[Tue Nov 26 12:17:51 2024]
Error in rule process_results:
    jobid: 1
    input: downloaded_data.txt
    output: processed_results.csv

Shutting down, this might take some time.
Exiting because a job execution failed. Look above for error message
Complete log: .snakemake/log/2024-11-26T121750.665509.snakemake.log
WorkflowError:
At least one job did not complete successfully.
