Building DAG of jobs...
Using shell: /usr/bin/bash
Provided cores: 1 (use --cores to define parallelism)
Rules claiming more threads will be scaled down.
Job stats:
job                     count
--------------------  -------
all                         1
compute_cavities            1
extract_docking_pose        1
extract_protein             1
generate_cavity_box         1
prepare_protein             1
run_docking                 1
total                       7

Select jobs to execute...

[Tue Nov 26 13:27:55 2024]
rule extract_protein:
    input: data/{config[pdb_code]}.pdb
    output: data/{config[pdb_code]}_protein.pdb
    jobid: 6
    reason: Missing output files: data/{config[pdb_code]}_protein.pdb; Updated input files: data/{config[pdb_code]}.pdb
    resources: tmpdir=/tmp

[Tue Nov 26 13:27:56 2024]
Error in rule extract_protein:
    jobid: 6
    input: data/{config[pdb_code]}.pdb
    output: data/{config[pdb_code]}_protein.pdb

RuleException:
CalledProcessError in file /home/alex/Masters/Computer_and_Software_Architecture/Snakemake_Project2/Snakefile, line 22:
Command 'set -euo pipefail;  /home/alex/miniforge3/envs/biobb_env/bin/python3.10 /home/alex/Masters/Computer_and_Software_Architecture/Snakemake_Project2/.snakemake/scripts/tmpshxkinmy.extract_protein.py' returned non-zero exit status 1.
  File "/home/alex/Masters/Computer_and_Software_Architecture/Snakemake_Project2/Snakefile", line 22, in __rule_extract_protein
  File "/home/alex/miniforge3/envs/biobb_env/lib/python3.10/concurrent/futures/thread.py", line 58, in run
Shutting down, this might take some time.
Exiting because a job execution failed. Look above for error message
Complete log: .snakemake/log/2024-11-26T132755.397903.snakemake.log
