host: alex-IdeaPad-Flex-5-14ALC05
Building DAG of jobs...
Using shell: /usr/bin/bash
Provided cores: 16
Rules claiming more threads will be scaled down.
Job stats:
job                      count
---------------------  -------
all                          1
download_ligand_data         1
filter_ligands               1
get_similar_compounds        1
retrieve_compound_sdf        1
total                        5

Select jobs to execute...
Execute 1 jobs...

[Tue Nov 26 12:34:34 2024]
localrule download_ligand_data:
    output: data/3LFA_ligand.json
    jobid: 2
    reason: Missing output files: data/3LFA_ligand.json
    resources: tmpdir=/tmp

[Tue Nov 26 12:34:34 2024]
Finished job 2.
1 of 5 steps (20%) done
Select jobs to execute...
Execute 1 jobs...

[Tue Nov 26 12:34:34 2024]
localrule filter_ligands:
    input: data/3LFA_ligand.json
    output: results/ligand_filter.json
    jobid: 1
    reason: Missing output files: results/ligand_filter.json; Input files updated by another job: data/3LFA_ligand.json
    resources: tmpdir=/tmp

RuleException:
CalledProcessError in file /home/alex/Masters/Computer_and_Software_Architecture/Snakemake_Project2/Snakefile, line 23:
Command 'set -euo pipefail;  /home/alex/miniforge3/envs/snakemake-tutorial/bin/python3.12 /home/alex/Masters/Computer_and_Software_Architecture/Snakemake_Project2/.snakemake/scripts/tmpnjd3fa9q.ebi_api_workflow.py' returned non-zero exit status 1.
[Tue Nov 26 12:34:35 2024]
Error in rule filter_ligands:
    jobid: 1
    input: data/3LFA_ligand.json
    output: results/ligand_filter.json

Shutting down, this might take some time.
Exiting because a job execution failed. Look above for error message
Complete log: .snakemake/log/2024-11-26T123434.327355.snakemake.log
WorkflowError:
At least one job did not complete successfully.
