host: alex-IdeaPad-Flex-5-14ALC05
Building DAG of jobs...
Using shell: /usr/bin/bash
Provided cores: 16
Rules claiming more threads will be scaled down.
Job stats:
job                count
---------------  -------
all                    1
process_results        1
total                  2

Select jobs to execute...
Execute 1 jobs...

[Tue Nov 26 12:23:47 2024]
localrule process_results:
    input: downloaded_data.txt
    output: processed_results.csv
    jobid: 1
    reason: Missing output files: processed_results.csv
    resources: tmpdir=/tmp

RuleException:
CalledProcessError in file /home/alex/Masters/Computer_and_Software_Architecture/Snakemake_Project/Snakefile, line 35:
Command 'set -euo pipefail;  /home/alex/miniforge3/envs/snakemake-tutorial/bin/python3.12 /home/alex/Masters/Computer_and_Software_Architecture/Snakemake_Project/.snakemake/scripts/tmp8bjdec2e.process_results.py' returned non-zero exit status 1.
[Tue Nov 26 12:23:48 2024]
Error in rule process_results:
    jobid: 1
    input: downloaded_data.txt
    output: processed_results.csv

Shutting down, this might take some time.
Exiting because a job execution failed. Look above for error message
Complete log: .snakemake/log/2024-11-26T122347.762366.snakemake.log
WorkflowError:
At least one job did not complete successfully.
