Building DAG of jobs...
Using shell: /usr/bin/bash
Provided cores: 1 (use --cores to define parallelism)
Rules claiming more threads will be scaled down.
Job stats:
job                     count
--------------------  -------
all                         1
convert_to_pdb              1
extract_docking_pose        1
run_docking                 1
total                       4

Select jobs to execute...

[Tue Nov 26 13:55:42 2024]
rule run_docking:
    input: data/{config[ligand_code]}.pdbqt, data/{config[pdb_code]}_protein.pdbqt, data/box.pdb
    output: results/output_vina.pdbqt, results/output_vina.log
    jobid: 3
    reason: Missing output files: results/output_vina.pdbqt
    resources: tmpdir=/tmp

[Tue Nov 26 13:56:37 2024]
Finished job 3.
1 of 4 steps (25%) done
Select jobs to execute...

[Tue Nov 26 13:56:37 2024]
rule extract_docking_pose:
    input: results/output_vina.pdbqt
    output: results/output_structure.pdbqt
    jobid: 2
    reason: Missing output files: results/output_structure.pdbqt; Input files updated by another job: results/output_vina.pdbqt
    resources: tmpdir=/tmp

[Tue Nov 26 13:56:37 2024]
Finished job 2.
2 of 4 steps (50%) done
Select jobs to execute...

[Tue Nov 26 13:56:37 2024]
rule convert_to_pdb:
    input: results/output_structure.pdbqt
    output: results/output_structure.pdb
    jobid: 1
    reason: Missing output files: results/output_structure.pdb; Input files updated by another job: results/output_structure.pdbqt
    resources: tmpdir=/tmp

[Tue Nov 26 13:56:37 2024]
Finished job 1.
3 of 4 steps (75%) done
Select jobs to execute...

[Tue Nov 26 13:56:37 2024]
localrule all:
    input: results/output_structure.pdb
    jobid: 0
    reason: Input files updated by another job: results/output_structure.pdb
    resources: tmpdir=/tmp

[Tue Nov 26 13:56:37 2024]
Finished job 0.
4 of 4 steps (100%) done
Complete log: .snakemake/log/2024-11-26T135541.128304.snakemake.log
