host: alex-IdeaPad-Flex-5-14ALC05
Building DAG of jobs...
Using shell: /usr/bin/bash
Provided cores: 16
Rules claiming more threads will be scaled down.
Job stats:
job                 count
----------------  -------
all                     1
download_results        1
prepare_input           1
process_results         1
query_ebi_api           1
total                   5

Select jobs to execute...
Execute 1 jobs...

[Wed Nov 20 11:35:25 2024]
localrule prepare_input:
    output: input.json
    jobid: 4
    reason: Missing output files: input.json
    resources: tmpdir=/tmp

RuleException:
WorkflowError in file /home/alex/Masters/Computer_and_Software_Architecture/Snakemake_Project/Snakefile, line 11:
Failed to open source file /home/alex/Masters/Computer_and_Software_Architecture/Snakemake_Project/scripts/prepare_input.py
FileNotFoundError: [Errno 2] No such file or directory: '/home/alex/Masters/Computer_and_Software_Architecture/Snakemake_Project/scripts/prepare_input.py'
[Wed Nov 20 11:35:25 2024]
Error in rule prepare_input:
    jobid: 4
    output: input.json

Shutting down, this might take some time.
Exiting because a job execution failed. Look above for error message
Complete log: .snakemake/log/2024-11-20T113525.358658.snakemake.log
WorkflowError:
At least one job did not complete successfully.
