host: alex-IdeaPad-Flex-5-14ALC05
Building DAG of jobs...
Using shell: /usr/bin/bash
Provided cores: 16
Rules claiming more threads will be scaled down.
Job stats:
job      count
-----  -------
all          1
step1        1
total        2

Select jobs to execute...
Execute 1 jobs...

[Wed Nov 13 10:12:26 2024]
localrule step1:
    input: data/input.txt
    output: results/output.txt
    jobid: 1
    reason: Missing output files: results/output.txt
    resources: tmpdir=/tmp

[Wed Nov 13 10:12:26 2024]
Finished job 1.
1 of 2 steps (50%) done
Select jobs to execute...
Execute 1 jobs...

[Wed Nov 13 10:12:26 2024]
localrule all:
    input: results/output.txt
    jobid: 0
    reason: Input files updated by another job: results/output.txt
    resources: tmpdir=/tmp

[Wed Nov 13 10:12:26 2024]
Finished job 0.
2 of 2 steps (100%) done
Complete log: .snakemake/log/2024-11-13T101226.317382.snakemake.log
