AutoDock Vina 58016d8-mod
#################################################################
# If you used AutoDock Vina in your work, please cite:          #
#                                                               #
# J. Eberhardt, D. Santos-Martins, A. F. Tillack, and S. Forli  #
# AutoDock Vina 1.2.0: New Docking Methods, Expanded Force      #
# Field, and Python Bindings, J. Chem. Inf. Model. (2021)       #
# DOI 10.1021/acs.jcim.1c00203                                  #
#                                                               #
# O. Trott, A. J. Olson,                                        #
# AutoDock Vina: improving the speed and accuracy of docking    #
# with a new scoring function, efficient optimization and       #
# multithreading, J. Comp. Chem. (2010)                         #
# DOI 10.1002/jcc.21334                                         #
#                                                               #
# Please see https://github.com/ccsb-scripps/AutoDock-Vina for  #
# more information.                                             #
#################################################################

Scoring function : vina
Rigid receptor: /home/alex/Masters/Computer_and_Software_Architecture/Snakemake_Project2/sandbox_cf4a7cf8-dc50-4b21-8918-92c5f2e7436d/{config[pdb_code]}_protein.pdbqt
Ligand: /home/alex/Masters/Computer_and_Software_Architecture/Snakemake_Project2/sandbox_cf4a7cf8-dc50-4b21-8918-92c5f2e7436d/{config[ligand_code]}.pdbqt
Grid center: X 6.689 Y 6.192 Z 22.229
Grid size  : X 35.303 Y 25.865 Z 24.482
Grid space : 0.375
Exhaustiveness: 8
CPU: 1
Verbosity: 1

Computing Vina grid ... done.
Performing docking (random seed: 2126998594) ... 
0%   10   20   30   40   50   60   70   80   90   100%
|----|----|----|----|----|----|----|----|----|----|
***************************************************

mode |   affinity | dist from best mode
     | (kcal/mol) | rmsd l.b.| rmsd u.b.
-----+------------+----------+----------
   1       -10.35          0          0
   2       -10.19       1.92      2.439
   3       -10.11      2.878      5.184
   4       -10.11      2.742       5.44
   5       -10.07       26.6      30.06
   6       -10.05      23.62      29.39
   7       -10.01      3.533      7.014
   8       -9.937      21.08      27.06
   9       -9.887      3.031      4.982
